  64	        16	     0.020 GigaMultsPerSecond
  64	        32	     0.046 GigaMultsPerSecond
  64	        64	     0.076 GigaMultsPerSecond
  64	       128	     0.161 GigaMultsPerSecond
  64	       256	     0.300 GigaMultsPerSecond
  64	       512	     0.673 GigaMultsPerSecond
  64	      1024	     1.212 GigaMultsPerSecond
  64	      2048	     2.799 GigaMultsPerSecond
  64	      4096	     0.681 GigaMultsPerSecond
  64	      8192	     1.608 GigaMultsPerSecond
  64	     16384	     2.792 GigaMultsPerSecond
  64	      3268	     0.647 GigaMultsPerSecond
  64	     65536	     8.325 GigaMultsPerSecond
  64	    131072	    13.438 GigaMultsPerSecond
  64	        16	     0.020 GigaMultsPerSecond
  64	        32	     0.040 GigaMultsPerSecond
  64	        64	     0.047 GigaMultsPerSecond
  64	       128	     0.162 GigaMultsPerSecond
  64	       256	     0.318 GigaMultsPerSecond
  64	       512	     0.698 GigaMultsPerSecond
  64	      1024	     1.354 GigaMultsPerSecond
  64	      2048	     2.449 GigaMultsPerSecond
  64	      4096	     0.732 GigaMultsPerSecond
  64	      8192	     1.793 GigaMultsPerSecond
  64	     16384	     2.727 GigaMultsPerSecond
  64	      3268	     0.605 GigaMultsPerSecond
  64	     65536	     8.461 GigaMultsPerSecond
  64	    131072	    13.784 GigaMultsPerSecond
  64	        16	     0.022 GigaMultsPerSecond
  64	        32	     0.038 GigaMultsPerSecond
  64	        64	     0.078 GigaMultsPerSecond
  64	       128	     0.160 GigaMultsPerSecond
  64	       256	     0.316 GigaMultsPerSecond
  64	       512	     0.649 GigaMultsPerSecond
  64	      1024	     1.193 GigaMultsPerSecond
  64	      2048	     2.480 GigaMultsPerSecond
  64	      4096	     0.015 GigaMultsPerSecond
  64	      8192	     0.016 GigaMultsPerSecond
  64	     16384	     3.414 GigaMultsPerSecond
  64	      3268	     0.613 GigaMultsPerSecond
  64	     65536	     8.178 GigaMultsPerSecond
  64	    131072	     0.478 GigaMultsPerSecond
  64	        16	     0.019 GigaMultsPerSecond
  64	        32	     0.041 GigaMultsPerSecond
  64	        64	     0.076 GigaMultsPerSecond
  64	       128	     0.157 GigaMultsPerSecond
  64	       256	     0.306 GigaMultsPerSecond
  64	       512	     0.573 GigaMultsPerSecond
  64	      1024	     1.281 GigaMultsPerSecond
  64	      2048	     2.473 GigaMultsPerSecond
  64	      4096	     0.544 GigaMultsPerSecond
  64	      8192	     1.545 GigaMultsPerSecond
  64	     16384	     2.980 GigaMultsPerSecond
  64	      3268	     0.505 GigaMultsPerSecond
  64	     65536	     7.753 GigaMultsPerSecond
  64	    131072	     0.349 GigaMultsPerSecond
