16,571.428564,41.528320,0.000000
16,888.888857,42.047119,0.000000
16,1767.040586,41.926575,0.000000
16,3011.764718,41.747284,0.000000
16,4336.686196,42.195511,0.000000
16,5849.339714,42.111778,0.000000
16,7467.639212,41.966629,0.000000
32,484.848481,41.821289,0.000000
32,938.588415,42.111206,0.000000
32,2126.687438,42.060852,0.000000
32,3558.644554,41.989899,0.000000
32,5769.014142,42.171478,0.000000
32,7062.069055,41.996956,0.000000
32,11477.407710,42.095184,0.000000
64,571.428564,41.735840,0.000000
64,1082.452448,42.065430,0.000000
64,1610.062864,41.952515,0.000000
64,3382.328586,41.979980,0.000000
64,6948.261159,42.057419,0.000000
64,10297.925784,42.118835,0.000000
64,16157.790327,41.981316,0.000000
128,592.592592,42.260742,0.000000
128,982.725511,42.282104,0.000000
128,2098.360696,42.118835,0.000000
128,4079.681431,42.011261,0.000000
128,7447.272768,42.005539,0.000000
128,11489.480811,42.122650,0.000000
128,15769.008735,42.084026,0.000000
